⎯⎯⎯⎯⎯⎯⎯⎯⎯⎯⎯⎯⎯⎯⎯⎯⎯⎯⎯⎯⎯⎯⎯⎯⎯⎯⎯⎯⎯ Failed Tests 3 ⎯⎯⎯⎯⎯⎯⎯⎯⎯⎯⎯⎯⎯⎯⎯⎯⎯⎯⎯⎯⎯⎯⎯⎯⎯⎯⎯⎯⎯⎯⎯⎯⎯⎯

 FAIL  client/src/game/rules/actionEffects.test.ts > Crafting Cost Reductions > should apply blacksmith_hammer 15% crafting discount
AssertionError: expected 15 to be 23 // Object.is equality

- Expected
+ Received

- 23
+ 15

 ❯ client/src/game/rules/actionEffects.test.ts:104:41
    102|     const updatesWith = applyActionEffects('craftIronSword', state);
    103|     const expectedCost = Math.floor(150 * 0.85); // 127
    104|     expect(updatesWith.resources!.iron).toBe(150 - expectedCost); // 150 -…
       |                                         ^
    105|   });
    106| 

⎯⎯⎯⎯⎯⎯⎯⎯⎯⎯⎯⎯⎯⎯⎯⎯⎯⎯⎯⎯⎯⎯⎯⎯⎯⎯⎯⎯⎯⎯⎯⎯⎯⎯⎯⎯⎯⎯⎯⎯⎯⎯⎯⎯⎯⎯⎯⎯⎯⎯⎯⎯⎯⎯⎯⎯⎯⎯⎯⎯⎯⎯⎯⎯⎯⎯⎯⎯⎯⎯⎯⎯⎯⎯⎯⎯⎯⎯[1/3]⎯

 FAIL  client/src/game/rules/actionEffects.test.ts > Crafting Cost Reductions > should stack crafting discounts from tools and highest storage building
AssertionError: expected 23 to be 30 // Object.is equality

- Expected
+ Received

- 30
+ 23

 ❯ client/src/game/rules/actionEffects.test.ts:151:37
    149|     // Total discount: 15% (hammer) + 5% (storehouse) = 20%
    150|     const expectedCost = Math.floor(150 * 0.8); // 120
    151|     expect(updates.resources!.iron).toBe(150 - expectedCost); // 150 - 120…
       |                                     ^
    152|   });
    153| });

⎯⎯⎯⎯⎯⎯⎯⎯⎯⎯⎯⎯⎯⎯⎯⎯⎯⎯⎯⎯⎯⎯⎯⎯⎯⎯⎯⎯⎯⎯⎯⎯⎯⎯⎯⎯⎯⎯⎯⎯⎯⎯⎯⎯⎯⎯⎯⎯⎯⎯⎯⎯⎯⎯⎯⎯⎯⎯⎯⎯⎯⎯⎯⎯⎯⎯⎯⎯⎯⎯⎯⎯⎯⎯⎯⎯⎯⎯[2/3]⎯

 FAIL  client/src/game/rules/actionEffects.test.ts > Cost Reduction Edge Cases > should handle crafting with maximum discounts
AssertionError: expected 30 to be 38 // Object.is equality

- Expected
+ Received

- 38
+ 30

 ❯ client/src/game/rules/actionEffects.test.ts:277:37
    275|     // Total discount: 15% (hammer) + 10% (greatVault - highest tier only)…
    276|     const expectedCost = Math.floor(150 * 0.75); // 112
    277|     expect(updates.resources!.iron).toBe(150 - expectedCost); // 150 - 112…
       |                                     ^
    278|     // Note: Previously was 50% (stacking all), now 25% (only highest tier…
    279|   });

⎯⎯⎯⎯⎯⎯⎯⎯⎯⎯⎯⎯⎯⎯⎯⎯⎯⎯⎯⎯⎯⎯⎯⎯⎯⎯⎯⎯⎯⎯⎯⎯⎯⎯⎯⎯⎯⎯⎯⎯⎯⎯⎯⎯⎯⎯⎯⎯⎯⎯⎯⎯⎯⎯⎯⎯⎯⎯⎯⎯⎯⎯⎯⎯⎯⎯⎯⎯⎯⎯⎯⎯⎯⎯⎯⎯⎯⎯[3/3]⎯


 Test Files  1 failed | 20 passed (21)
      Tests  3 failed | 339 passed (342)
   Start at  11:35:41
   Duration  5.51s (transform 2.27s, setup 0ms, import 4.49s, tests 1.93s, environment 3ms)

 FAIL  Tests failed. Watching for file changes...
       press h to show help, press q to quit
