
 ❯ client/src/game/save.comprehensive.test.ts (31 tests | 6 failed) 386ms
   ❯ Save Game System - Comprehensive Tests (31)
     ✓ 1. Cloud Sync Failures (4)
       ✓ should save locally even when cloud save fails 13ms
       ✓ should handle multiple consecutive cloud save failures 5ms
       ✓ should not update lastCloudState when cloud save fails 3ms
       ✓ should recover from intermittent cloud failures 4ms
     ❯ 2. Multi-Device Conflicts (3)
       × should detect when cloud save is newer than local save 12ms
       ✓ should handle simultaneous saves from different devices 9ms
       ✓ should preserve higher playTime when loading 1ms
     ❯ 3. Offline Progress Overwrite (3)
       × should not lose progress when going from offline to online 4ms
       ✓ should handle transition from offline to online with existing cloud save 1ms
       × should preserve offline progress across browser sessions 4ms
     ❯ 4. Data Corruption and Validation (4)
       × should handle corrupted cooldownDurations gracefully 2ms
       ✓ should handle missing required fields 0ms
       ✓ should handle non-serializable data in game state 2ms
       ✓ should preserve data through JSON serialization round-trip 1ms
     ✓ 5. State Diffing Logic (3)
       ✓ should calculate diff correctly for changed resources 2ms
       ✓ should handle first save (no previous state for diff) 2ms
       ✓ should detect nested object changes 3ms
     ❯ 6. Referral System Integration (2)
       ✓ should process unclaimed referrals on load 1ms
       × should not process already claimed referrals 1ms
     ❯ 7. PlayTime Tracking (3)
       × should preserve playTime through save/load cycle 2ms
       ✓ should handle playTime overflow (very long sessions) 1ms
       ✓ should reject saves with decreasing playTime 4ms
     ✓ 8. Edge Cases and Race Conditions (5)
       ✓ should handle rapid successive saves 295ms
       ✓ should handle save during active gameplay 1ms
       ✓ should skip save when inactivity dialog is open 1ms
       ✓ should handle database connection failures 1ms
       ✓ should handle concurrent load and save operations 1ms
     ✓ 9. Authentication State Changes (2)
       ✓ should handle user logging in mid-session 2ms
       ✓ should handle user logging out mid-session 2ms
     ✓ 10. Delete Operations (2)
       ✓ should delete local save successfully 1ms
       ✓ should handle delete errors gracefully 1ms

⎯⎯⎯⎯⎯⎯⎯⎯⎯⎯⎯⎯⎯⎯⎯⎯⎯⎯⎯⎯⎯⎯⎯⎯⎯⎯⎯⎯⎯⎯⎯⎯ Failed Tests 6 ⎯⎯⎯⎯⎯⎯⎯⎯⎯⎯⎯⎯⎯⎯⎯⎯⎯⎯⎯⎯⎯⎯⎯⎯⎯⎯⎯⎯⎯⎯⎯⎯

 FAIL  client/src/game/save.comprehensive.test.ts > Save Game System - Comprehensive Tests > 2. Multi-Device Conflicts > should detect when cloud save is newer than local save
AssertionError: expected undefined to be 2000 // Object.is equality

- Expected: 
2000

+ Received: 
undefined

 ❯ client/src/game/save.comprehensive.test.ts:235:32
    233| 
    234|       const loaded = await loadGame();
    235|       expect(loaded?.playTime).toBe(2000);
       |                                ^
    236|     });
    237| 

⎯⎯⎯⎯⎯⎯⎯⎯⎯⎯⎯⎯⎯⎯⎯⎯⎯⎯⎯⎯⎯⎯⎯⎯⎯⎯⎯⎯⎯⎯⎯⎯⎯⎯⎯⎯⎯⎯⎯⎯⎯⎯⎯⎯⎯⎯⎯⎯⎯⎯⎯⎯⎯⎯⎯⎯⎯⎯⎯⎯⎯⎯⎯⎯⎯⎯⎯⎯⎯⎯⎯⎯⎯⎯[1/6]⎯

 FAIL  client/src/game/save.comprehensive.test.ts > Save Game System - Comprehensive Tests > 3. Offline Progress Overwrite > should not lose progress when going from offline to online
AssertionError: expected undefined to be 5000 // Object.is equality

- Expected: 
5000

+ Received: 
undefined

 ❯ client/src/game/save.comprehensive.test.ts:289:32
    287| 
    288|       const loaded = await loadGame();
    289|       expect(loaded?.playTime).toBe(5000);
       |                                ^
    290|     });
    291| 

⎯⎯⎯⎯⎯⎯⎯⎯⎯⎯⎯⎯⎯⎯⎯⎯⎯⎯⎯⎯⎯⎯⎯⎯⎯⎯⎯⎯⎯⎯⎯⎯⎯⎯⎯⎯⎯⎯⎯⎯⎯⎯⎯⎯⎯⎯⎯⎯⎯⎯⎯⎯⎯⎯⎯⎯⎯⎯⎯⎯⎯⎯⎯⎯⎯⎯⎯⎯⎯⎯⎯⎯⎯⎯[2/6]⎯

 FAIL  client/src/game/save.comprehensive.test.ts > Save Game System - Comprehensive Tests > 3. Offline Progress Overwrite > should preserve offline progress across browser sessions
AssertionError: expected undefined to be 3000 // Object.is equality

- Expected: 
3000

+ Received: 
undefined

 ❯ client/src/game/save.comprehensive.test.ts:329:32
    327| 
    328|       const loaded = await loadGame();
    329|       expect(loaded?.playTime).toBe(3000);
       |                                ^
    330|     });
    331|   });

⎯⎯⎯⎯⎯⎯⎯⎯⎯⎯⎯⎯⎯⎯⎯⎯⎯⎯⎯⎯⎯⎯⎯⎯⎯⎯⎯⎯⎯⎯⎯⎯⎯⎯⎯⎯⎯⎯⎯⎯⎯⎯⎯⎯⎯⎯⎯⎯⎯⎯⎯⎯⎯⎯⎯⎯⎯⎯⎯⎯⎯⎯⎯⎯⎯⎯⎯⎯⎯⎯⎯⎯⎯⎯[3/6]⎯

 FAIL  client/src/game/save.comprehensive.test.ts > Save Game System - Comprehensive Tests > 4. Data Corruption and Validation > should handle corrupted cooldownDurations gracefully
AssertionError: expected undefined to be defined
 ❯ client/src/game/save.comprehensive.test.ts:348:41
    346| 
    347|       const loaded = await loadGame();
    348|       expect(loaded?.cooldownDurations).toBeDefined();
       |                                         ^
    349|     });
    350| 

⎯⎯⎯⎯⎯⎯⎯⎯⎯⎯⎯⎯⎯⎯⎯⎯⎯⎯⎯⎯⎯⎯⎯⎯⎯⎯⎯⎯⎯⎯⎯⎯⎯⎯⎯⎯⎯⎯⎯⎯⎯⎯⎯⎯⎯⎯⎯⎯⎯⎯⎯⎯⎯⎯⎯⎯⎯⎯⎯⎯⎯⎯⎯⎯⎯⎯⎯⎯⎯⎯⎯⎯⎯⎯[4/6]⎯

 FAIL  client/src/game/save.comprehensive.test.ts > Save Game System - Comprehensive Tests > 6. Referral System Integration > should not process already claimed referrals
AssertionError: expected undefined to be 100 // Object.is equality

- Expected: 
100

+ Received: 
undefined

 ❯ client/src/game/save.comprehensive.test.ts:469:38
    467| 
    468|       const loaded = await loadGame();
    469|       expect(loaded?.resources.gold).toBe(100);
       |                                      ^
    470|     });
    471|   });

⎯⎯⎯⎯⎯⎯⎯⎯⎯⎯⎯⎯⎯⎯⎯⎯⎯⎯⎯⎯⎯⎯⎯⎯⎯⎯⎯⎯⎯⎯⎯⎯⎯⎯⎯⎯⎯⎯⎯⎯⎯⎯⎯⎯⎯⎯⎯⎯⎯⎯⎯⎯⎯⎯⎯⎯⎯⎯⎯⎯⎯⎯⎯⎯⎯⎯⎯⎯⎯⎯⎯⎯⎯⎯[5/6]⎯

 FAIL  client/src/game/save.comprehensive.test.ts > Save Game System - Comprehensive Tests > 7. PlayTime Tracking > should preserve playTime through save/load cycle
AssertionError: expected undefined to be 12345 // Object.is equality

- Expected: 
12345

+ Received: 
undefined

 ❯ client/src/game/save.comprehensive.test.ts:485:32
    483| 
    484|       const loaded = await loadGame();
    485|       expect(loaded?.playTime).toBe(12345);
       |                                ^
    486|     });
    487| 

⎯⎯⎯⎯⎯⎯⎯⎯⎯⎯⎯⎯⎯⎯⎯⎯⎯⎯⎯⎯⎯⎯⎯⎯⎯⎯⎯⎯⎯⎯⎯⎯⎯⎯⎯⎯⎯⎯⎯⎯⎯⎯⎯⎯⎯⎯⎯⎯⎯⎯⎯⎯⎯⎯⎯⎯⎯⎯⎯⎯⎯⎯⎯⎯⎯⎯⎯⎯⎯⎯⎯⎯⎯⎯[6/6]⎯


 Test Files  1 failed (1)
      Tests  6 failed | 25 passed (31)
   Start at  07:28:19
   Duration  559ms

 FAIL  Tests failed. Watching for file changes...
       press h to show help, press q to quit
