 client/src/game/save.comprehensive.test.ts (31 tests | 6 failed) 159ms
   ❯ Save Game System - Comprehensive Tests (31)
     ✓ 1. Cloud Sync Failures (4)
       ✓ should save locally even when cloud save fails 6ms
       ✓ should handle multiple consecutive cloud save failures 2ms
       ✓ should not update lastCloudState when cloud save fails 1ms
       ✓ should recover from intermittent cloud failures 1ms
     ❯ 2. Multi-Device Conflicts (3)
       × should detect when cloud save is newer than local save 6ms
       ✓ should handle simultaneous saves from different devices 1ms
       ✓ should preserve higher playTime when loading 1ms
     ❯ 3. Offline Progress Overwrite (3)
       × should not lose progress when going from offline to online 1ms
       ✓ should handle transition from offline to online with existing cloud save 1ms
       × should preserve offline progress across browser sessions 1ms
     ❯ 4. Data Corruption and Validation (4)
       × should handle corrupted cooldownDurations gracefully 1ms
       ✓ should handle missing required fields 0ms
       ✓ should handle non-serializable data in game state 1ms
       ✓ should preserve data through JSON serialization round-trip 0ms
     ✓ 5. State Diffing Logic (3)
       ✓ should calculate diff correctly for changed resources 2ms
       ✓ should handle first save (no previous state for diff) 0ms
       ✓ should detect nested object changes 0ms
     ❯ 6. Referral System Integration (2)
       ✓ should process unclaimed referrals on load 0ms
       × should not process already claimed referrals 1ms
     ❯ 7. PlayTime Tracking (3)
       × should preserve playTime through save/load cycle 1ms
       ✓ should handle playTime overflow (very long sessions) 1ms
       ✓ should reject saves with decreasing playTime 0ms
     ✓ 8. Edge Cases and Race Conditions (5)
       ✓ should handle rapid successive saves 122ms
       ✓ should handle save during active gameplay 1ms
       ✓ should skip save when inactivity dialog is open 1ms
       ✓ should handle database connection failures 1ms
       ✓ should handle concurrent load and save operations 0ms
     ✓ 9. Authentication State Changes (2)
       ✓ should handle user logging in mid-session 1ms
       ✓ should handle user logging out mid-session 1ms
     ✓ 10. Delete Operations (2)
       ✓ should delete local save successfully 1ms
       ✓ should handle delete errors gracefully 0ms

⎯⎯⎯⎯⎯⎯⎯⎯⎯⎯⎯⎯⎯⎯⎯⎯⎯⎯⎯⎯⎯⎯⎯⎯⎯⎯⎯⎯⎯⎯⎯⎯ Failed Tests 6 ⎯⎯⎯⎯⎯⎯⎯⎯⎯⎯⎯⎯⎯⎯⎯⎯⎯⎯⎯⎯⎯⎯⎯⎯⎯⎯⎯⎯⎯⎯⎯⎯

 FAIL  client/src/game/save.comprehensive.test.ts > Save Game System - Comprehensive Tests > 2. Multi-Device Conflicts > should detect when cloud save is newer than local save
AssertionError: expected undefined to be 2000 // Object.is equality

- Expected: 
2000

+ Received: 
undefined

 ❯ client/src/game/save.comprehensive.test.ts:237:32
    235|       const loaded = await loadGame();
    236|       
    237|       expect(loaded?.playTime).toBe(2000);
       |                                ^
    238|     });
    239| 

⎯⎯⎯⎯⎯⎯⎯⎯⎯⎯⎯⎯⎯⎯⎯⎯⎯⎯⎯⎯⎯⎯⎯⎯⎯⎯⎯⎯⎯⎯⎯⎯⎯⎯⎯⎯⎯⎯⎯⎯⎯⎯⎯⎯⎯⎯⎯⎯⎯⎯⎯⎯⎯⎯⎯⎯⎯⎯⎯⎯⎯⎯⎯⎯⎯⎯⎯⎯⎯⎯⎯⎯⎯⎯[1/6]⎯

 FAIL  client/src/game/save.comprehensive.test.ts > Save Game System - Comprehensive Tests > 3. Offline Progress Overwrite > should not lose progress when going from offline to online
AssertionError: expected undefined to be 5000 // Object.is equality

- Expected: 
5000

+ Received: 
undefined

 ❯ client/src/game/save.comprehensive.test.ts:299:32
    297|       const loaded = await loadGame();
    298|       
    299|       expect(loaded?.playTime).toBe(5000);
       |                                ^
    300|     });
    301| 

⎯⎯⎯⎯⎯⎯⎯⎯⎯⎯⎯⎯⎯⎯⎯⎯⎯⎯⎯⎯⎯⎯⎯⎯⎯⎯⎯⎯⎯⎯⎯⎯⎯⎯⎯⎯⎯⎯⎯⎯⎯⎯⎯⎯⎯⎯⎯⎯⎯⎯⎯⎯⎯⎯⎯⎯⎯⎯⎯⎯⎯⎯⎯⎯⎯⎯⎯⎯⎯⎯⎯⎯⎯⎯[2/6]⎯

 FAIL  client/src/game/save.comprehensive.test.ts > Save Game System - Comprehensive Tests > 3. Offline Progress Overwrite > should preserve offline progress across browser sessions
AssertionError: expected undefined to be 3000 // Object.is equality

- Expected: 
3000

+ Received: 
undefined

 ❯ client/src/game/save.comprehensive.test.ts:347:32
    345|       const loaded = await loadGame();
    346|       
    347|       expect(loaded?.playTime).toBe(3000);
       |                                ^
    348|     });
    349|   });

⎯⎯⎯⎯⎯⎯⎯⎯⎯⎯⎯⎯⎯⎯⎯⎯⎯⎯⎯⎯⎯⎯⎯⎯⎯⎯⎯⎯⎯⎯⎯⎯⎯⎯⎯⎯⎯⎯⎯⎯⎯⎯⎯⎯⎯⎯⎯⎯⎯⎯⎯⎯⎯⎯⎯⎯⎯⎯⎯⎯⎯⎯⎯⎯⎯⎯⎯⎯⎯⎯⎯⎯⎯⎯[3/6]⎯

 FAIL  client/src/game/save.comprehensive.test.ts > Save Game System - Comprehensive Tests > 4. Data Corruption and Validation > should handle corrupted cooldownDurations gracefully
AssertionError: expected undefined to be defined
 ❯ client/src/game/save.comprehensive.test.ts:368:41
    366|       const loaded = await loadGame();
    367|       
    368|       expect(loaded?.cooldownDurations).toBeDefined();
       |                                         ^
    369|     });
    370| 

⎯⎯⎯⎯⎯⎯⎯⎯⎯⎯⎯⎯⎯⎯⎯⎯⎯⎯⎯⎯⎯⎯⎯⎯⎯⎯⎯⎯⎯⎯⎯⎯⎯⎯⎯⎯⎯⎯⎯⎯⎯⎯⎯⎯⎯⎯⎯⎯⎯⎯⎯⎯⎯⎯⎯⎯⎯⎯⎯⎯⎯⎯⎯⎯⎯⎯⎯⎯⎯⎯⎯⎯⎯⎯[4/6]⎯

 FAIL  client/src/game/save.comprehensive.test.ts > Save Game System - Comprehensive Tests > 6. Referral System Integration > should not process already claimed referrals
AssertionError: expected undefined to be 100 // Object.is equality

- Expected: 
100

+ Received: 
undefined

 ❯ client/src/game/save.comprehensive.test.ts:492:38
    490|       const loaded = await loadGame();
    491|       
    492|       expect(loaded?.resources.gold).toBe(100);
       |                                      ^
    493|     });
    494|   });

⎯⎯⎯⎯⎯⎯⎯⎯⎯⎯⎯⎯⎯⎯⎯⎯⎯⎯⎯⎯⎯⎯⎯⎯⎯⎯⎯⎯⎯⎯⎯⎯⎯⎯⎯⎯⎯⎯⎯⎯⎯⎯⎯⎯⎯⎯⎯⎯⎯⎯⎯⎯⎯⎯⎯⎯⎯⎯⎯⎯⎯⎯⎯⎯⎯⎯⎯⎯⎯⎯⎯⎯⎯⎯[5/6]⎯

 FAIL  client/src/game/save.comprehensive.test.ts > Save Game System - Comprehensive Tests > 7. PlayTime Tracking > should preserve playTime through save/load cycle
AssertionError: expected undefined to be 12345 // Object.is equality

- Expected: 
12345

+ Received: 
undefined

 ❯ client/src/game/save.comprehensive.test.ts:516:32
    514|       const loaded = await loadGame();
    515|       
    516|       expect(loaded?.playTime).toBe(12345);
       |                                ^
    517|     });
    518| 

⎯⎯⎯⎯⎯⎯⎯⎯⎯⎯⎯⎯⎯⎯⎯⎯⎯⎯⎯⎯⎯⎯⎯⎯⎯⎯⎯⎯⎯⎯⎯⎯⎯⎯⎯⎯⎯⎯⎯⎯⎯⎯⎯⎯⎯⎯⎯⎯⎯⎯⎯⎯⎯⎯⎯⎯⎯⎯⎯⎯⎯⎯⎯⎯⎯⎯⎯⎯⎯⎯⎯⎯⎯⎯[6/6]⎯


 Test Files  1 failed (1)
      Tests  6 failed | 25 passed (31)
   Start at  07:35:53
   Duration  269ms

 FAIL  Tests failed. Watching for file changes...
       press h to show help, press q to quit
